<?xml version="1.0" encoding="utf-8"?>
<coverage line-rate="0.8319" branch-rate="0.6893" version="1.9" timestamp="1747533026" lines-covered="985" lines-valid="1184" branches-covered="91" branches-valid="132">
  <sources>
    <source>D:\Edward Romero\Documents\MISO\Proyecto Final II\movilPedido_ventas_microservicio\</source>
  </sources>
  <packages>
    <package name="Pedidos.Aplicacion" line-rate="0.8469" branch-rate="0.7142000000000001" complexity="162">
      <classes>
        <class name="Pedidos.Aplicacion.Mapeadores.DetallePedidoMapeador" filename="Pedidos.Aplicacion\Mapeadores\DetallePedidoMapeador.cs" line-rate="1" branch-rate="1" complexity="1">
          <methods>
            <method name=".ctor" signature="()" line-rate="1" branch-rate="1" complexity="1">
              <lines>
                <line number="9" hits="2" branch="False" />
                <line number="10" hits="2" branch="False" />
                <line number="11" hits="2" branch="False" />
                <line number="12" hits="2" branch="False" />
                <line number="13" hits="2" branch="False" />
                <line number="14" hits="2" branch="False" />
                <line number="15" hits="2" branch="False" />
                <line number="16" hits="2" branch="False" />
                <line number="17" hits="2" branch="False" />
                <line number="18" hits="2" branch="False" />
                <line number="19" hits="2" branch="False" />
                <line number="20" hits="2" branch="False" />
                <line number="22" hits="2" branch="False" />
                <line number="23" hits="2" branch="False" />
                <line number="24" hits="2" branch="False" />
                <line number="25" hits="2" branch="False" />
                <line number="26" hits="2" branch="False" />
                <line number="27" hits="2" branch="False" />
                <line number="29" hits="2" branch="False" />
                <line number="30" hits="2" branch="False" />
                <line number="31" hits="2" branch="False" />
                <line number="32" hits="2" branch="False" />
                <line number="33" hits="2" branch="False" />
                <line number="34" hits="2" branch="False" />
                <line number="35" hits="2" branch="False" />
              </lines>
            </method>
          </methods>
          <lines>
            <line number="9" hits="2" branch="False" />
            <line number="10" hits="2" branch="False" />
            <line number="11" hits="2" branch="False" />
            <line number="12" hits="2" branch="False" />
            <line number="13" hits="2" branch="False" />
            <line number="14" hits="2" branch="False" />
            <line number="15" hits="2" branch="False" />
            <line number="16" hits="2" branch="False" />
            <line number="17" hits="2" branch="False" />
            <line number="18" hits="2" branch="False" />
            <line number="19" hits="2" branch="False" />
            <line number="20" hits="2" branch="False" />
            <line number="22" hits="2" branch="False" />
            <line number="23" hits="2" branch="False" />
            <line number="24" hits="2" branch="False" />
            <line number="25" hits="2" branch="False" />
            <line number="26" hits="2" branch="False" />
            <line number="27" hits="2" branch="False" />
            <line number="29" hits="2" branch="False" />
            <line number="30" hits="2" branch="False" />
            <line number="31" hits="2" branch="False" />
            <line number="32" hits="2" branch="False" />
            <line number="33" hits="2" branch="False" />
            <line number="34" hits="2" branch="False" />
            <line number="35" hits="2" branch="False" />
          </lines>
        </class>
        <class name="Pedidos.Aplicacion.Mapeadores.PedidoMapeador" filename="Pedidos.Aplicacion\Mapeadores\PedidoMapeador.cs" line-rate="1" branch-rate="1" complexity="1">
          <methods>
            <method name=".ctor" signature="()" line-rate="1" branch-rate="1" complexity="1">
              <lines>
                <line number="9" hits="2" branch="False" />
                <line number="10" hits="2" branch="False" />
                <line number="11" hits="2" branch="False" />
                <line number="12" hits="2" branch="False" />
                <line number="13" hits="2" branch="False" />
                <line number="14" hits="2" branch="False" />
                <line number="15" hits="2" branch="False" />
                <line number="16" hits="2" branch="False" />
                <line number="17" hits="2" branch="False" />
                <line number="18" hits="2" branch="False" />
                <line number="19" hits="2" branch="False" />
                <line number="20" hits="2" branch="False" />
                <line number="21" hits="2" branch="False" />
                <line number="23" hits="2" branch="False" />
                <line number="24" hits="2" branch="False" />
                <line number="25" hits="2" branch="False" />
                <line number="26" hits="2" branch="False" />
                <line number="27" hits="2" branch="False" />
                <line number="28" hits="2" branch="False" />
                <line number="29" hits="2" branch="False" />
                <line number="30" hits="2" branch="False" />
                <line number="31" hits="2" branch="False" />
                <line number="33" hits="2" branch="False" />
                <line number="34" hits="2" branch="False" />
                <line number="35" hits="2" branch="False" />
                <line number="36" hits="2" branch="False" />
                <line number="37" hits="2" branch="False" />
                <line number="38" hits="2" branch="False" />
                <line number="39" hits="2" branch="False" />
                <line number="40" hits="2" branch="False" />
                <line number="41" hits="2" branch="False" />
                <line number="42" hits="2" branch="False" />
                <line number="44" hits="2" branch="False" />
                <line number="45" hits="2" branch="False" />
                <line number="46" hits="2" branch="False" />
                <line number="47" hits="2" branch="False" />
                <line number="48" hits="2" branch="False" />
                <line number="49" hits="2" branch="False" />
                <line number="50" hits="2" branch="False" />
                <line number="51" hits="2" branch="False" />
                <line number="52" hits="2" branch="False" />
                <line number="53" hits="2" branch="False" />
              </lines>
            </method>
          </methods>
          <lines>
            <line number="9" hits="2" branch="False" />
            <line number="10" hits="2" branch="False" />
            <line number="11" hits="2" branch="False" />
            <line number="12" hits="2" branch="False" />
            <line number="13" hits="2" branch="False" />
            <line number="14" hits="2" branch="False" />
            <line number="15" hits="2" branch="False" />
            <line number="16" hits="2" branch="False" />
            <line number="17" hits="2" branch="False" />
            <line number="18" hits="2" branch="False" />
            <line number="19" hits="2" branch="False" />
            <line number="20" hits="2" branch="False" />
            <line number="21" hits="2" branch="False" />
            <line number="23" hits="2" branch="False" />
            <line number="24" hits="2" branch="False" />
            <line number="25" hits="2" branch="False" />
            <line number="26" hits="2" branch="False" />
            <line number="27" hits="2" branch="False" />
            <line number="28" hits="2" branch="False" />
            <line number="29" hits="2" branch="False" />
            <line number="30" hits="2" branch="False" />
            <line number="31" hits="2" branch="False" />
            <line number="33" hits="2" branch="False" />
            <line number="34" hits="2" branch="False" />
            <line number="35" hits="2" branch="False" />
            <line number="36" hits="2" branch="False" />
            <line number="37" hits="2" branch="False" />
            <line number="38" hits="2" branch="False" />
            <line number="39" hits="2" branch="False" />
            <line number="40" hits="2" branch="False" />
            <line number="41" hits="2" branch="False" />
            <line number="42" hits="2" branch="False" />
            <line number="44" hits="2" branch="False" />
            <line number="45" hits="2" branch="False" />
            <line number="46" hits="2" branch="False" />
            <line number="47" hits="2" branch="False" />
            <line number="48" hits="2" branch="False" />
            <line number="49" hits="2" branch="False" />
            <line number="50" hits="2" branch="False" />
            <line number="51" hits="2" branch="False" />
            <line number="52" hits="2" branch="False" />
            <line number="53" hits="2" branch="False" />
          </lines>
        </class>
        <class name="Pedidos.Aplicacion.Dto.AuditoriaDto" filename="Pedidos.Aplicacion\Dto\AuditoriaDto.cs" line-rate="1" branch-rate="1" complexity="5">
          <methods>
            <method name="get_IdUsuario" signature="()" line-rate="1" branch-rate="1" complexity="1">
              <lines>
                <line number="5" hits="22" branch="False" />
              </lines>
            </method>
            <method name="get_Accion" signature="()" line-rate="1" branch-rate="1" complexity="1">
              <lines>
                <line number="6" hits="22" branch="False" />
              </lines>
            </method>
            <method name="get_TablaAfectada" signature="()" line-rate="1" branch-rate="1" complexity="1">
              <lines>
                <line number="7" hits="22" branch="False" />
              </lines>
            </method>
            <method name="get_Idregistro" signature="()" line-rate="1" branch-rate="1" complexity="1">
              <lines>
                <line number="8" hits="22" branch="False" />
              </lines>
            </method>
            <method name="get_Registro" signature="()" line-rate="1" branch-rate="1" complexity="1">
              <lines>
                <line number="9" hits="22" branch="False" />
              </lines>
            </method>
          </methods>
          <lines>
            <line number="5" hits="22" branch="False" />
            <line number="6" hits="22" branch="False" />
            <line number="7" hits="22" branch="False" />
            <line number="8" hits="22" branch="False" />
            <line number="9" hits="22" branch="False" />
          </lines>
        </class>
        <class name="Pedidos.Aplicacion.Dto.Auditoria" filename="Pedidos.Aplicacion\Dto\AuditoriaDto.cs" line-rate="0" branch-rate="1" complexity="5">
          <methods>
            <method name="get_IdUsuario" signature="()" line-rate="0" branch-rate="1" complexity="1">
              <lines>
                <line number="14" hits="0" branch="False" />
              </lines>
            </method>
            <method name="get_Accion" signature="()" line-rate="0" branch-rate="1" complexity="1">
              <lines>
                <line number="15" hits="0" branch="False" />
              </lines>
            </method>
            <method name="get_TablaAfectada" signature="()" line-rate="0" branch-rate="1" complexity="1">
              <lines>
                <line number="16" hits="0" branch="False" />
              </lines>
            </method>
            <method name="get_Idregistro" signature="()" line-rate="0" branch-rate="1" complexity="1">
              <lines>
                <line number="17" hits="0" branch="False" />
              </lines>
            </method>
            <method name="get_Registro" signature="()" line-rate="0" branch-rate="1" complexity="1">
              <lines>
                <line number="18" hits="0" branch="False" />
              </lines>
            </method>
          </methods>
          <lines>
            <line number="14" hits="0" branch="False" />
            <line number="15" hits="0" branch="False" />
            <line number="16" hits="0" branch="False" />
            <line number="17" hits="0" branch="False" />
            <line number="18" hits="0" branch="False" />
          </lines>
        </class>
        <class name="Pedidos.Aplicacion.Dto.AuditoriaResponseDto" filename="Pedidos.Aplicacion\Dto\AuditoriaDto.cs" line-rate="1" branch-rate="1" complexity="4">
          <methods>
            <method name="get_Resultado" signature="()" line-rate="1" branch-rate="1" complexity="1">
              <lines>
                <line number="23" hits="10" branch="False" />
              </lines>
            </method>
            <method name="get_Mensaje" signature="()" line-rate="1" branch-rate="1" complexity="1">
              <lines>
                <line number="24" hits="10" branch="False" />
              </lines>
            </method>
            <method name="get_Status" signature="()" line-rate="1" branch-rate="1" complexity="1">
              <lines>
                <line number="25" hits="10" branch="False" />
              </lines>
            </method>
            <method name="get_Id" signature="()" line-rate="1" branch-rate="1" complexity="1">
              <lines>
                <line number="26" hits="10" branch="False" />
              </lines>
            </method>
          </methods>
          <lines>
            <line number="23" hits="10" branch="False" />
            <line number="24" hits="10" branch="False" />
            <line number="25" hits="10" branch="False" />
            <line number="26" hits="10" branch="False" />
          </lines>
        </class>
        <class name="Pedidos.Aplicacion.Dto.BaseOut" filename="Pedidos.Aplicacion\Dto\BaseOut.cs" line-rate="1" branch-rate="1" complexity="4">
          <methods>
            <method name="get_Resultado" signature="()" line-rate="1" branch-rate="1" complexity="1">
              <lines>
                <line number="8" hits="100" branch="False" />
              </lines>
            </method>
            <method name="get_Mensaje" signature="()" line-rate="1" branch-rate="1" complexity="1">
              <lines>
                <line number="9" hits="61" branch="False" />
              </lines>
            </method>
            <method name="get_Id" signature="()" line-rate="1" branch-rate="1" complexity="1">
              <lines>
                <line number="10" hits="49" branch="False" />
              </lines>
            </method>
            <method name="get_Status" signature="()" line-rate="1" branch-rate="1" complexity="1">
              <lines>
                <line number="11" hits="69" branch="False" />
              </lines>
            </method>
          </methods>
          <lines>
            <line number="8" hits="100" branch="False" />
            <line number="9" hits="61" branch="False" />
            <line number="10" hits="49" branch="False" />
            <line number="11" hits="69" branch="False" />
          </lines>
        </class>
        <class name="Pedidos.Aplicacion.Dto.DetallePedidoDto" filename="Pedidos.Aplicacion\Dto\DetallePedidoDto.cs" line-rate="1" branch-rate="1" complexity="8">
          <methods>
            <method name="get_IdPedido" signature="()" line-rate="1" branch-rate="1" complexity="1">
              <lines>
                <line number="5" hits="159" branch="False" />
              </lines>
            </method>
            <method name="get_IdUsuario" signature="()" line-rate="1" branch-rate="1" complexity="1">
              <lines>
                <line number="6" hits="159" branch="False" />
              </lines>
            </method>
            <method name="get_IdProducto" signature="()" line-rate="1" branch-rate="1" complexity="1">
              <lines>
                <line number="7" hits="159" branch="False" />
              </lines>
            </method>
            <method name="get_Cantidad" signature="()" line-rate="1" branch-rate="1" complexity="1">
              <lines>
                <line number="8" hits="159" branch="False" />
              </lines>
            </method>
            <method name="get_PrecioUnitario" signature="()" line-rate="1" branch-rate="1" complexity="1">
              <lines>
                <line number="9" hits="159" branch="False" />
              </lines>
            </method>
            <method name="get_NombreProducto" signature="()" line-rate="1" branch-rate="1" complexity="1">
              <lines>
                <line number="10" hits="159" branch="False" />
              </lines>
            </method>
            <method name="get_UrlFotoProducto1" signature="()" line-rate="1" branch-rate="1" complexity="1">
              <lines>
                <line number="11" hits="159" branch="False" />
              </lines>
            </method>
            <method name="get_UrlFotoProducto2" signature="()" line-rate="1" branch-rate="1" complexity="1">
              <lines>
                <line number="12" hits="159" branch="False" />
              </lines>
            </method>
          </methods>
          <lines>
            <line number="5" hits="159" branch="False" />
            <line number="6" hits="159" branch="False" />
            <line number="7" hits="159" branch="False" />
            <line number="8" hits="159" branch="False" />
            <line number="9" hits="159" branch="False" />
            <line number="10" hits="159" branch="False" />
            <line number="11" hits="159" branch="False" />
            <line number="12" hits="159" branch="False" />
          </lines>
        </class>
        <class name="Pedidos.Aplicacion.Dto.DetallePedidoOut" filename="Pedidos.Aplicacion\Dto\DetallePedidoDto.cs" line-rate="0" branch-rate="1" complexity="1">
          <methods>
            <method name="get_DetallePedido" signature="()" line-rate="0" branch-rate="1" complexity="1">
              <lines>
                <line number="17" hits="0" branch="False" />
              </lines>
            </method>
          </methods>
          <lines>
            <line number="17" hits="0" branch="False" />
          </lines>
        </class>
        <class name="Pedidos.Aplicacion.Dto.DetallePedidoOutList" filename="Pedidos.Aplicacion\Dto\DetallePedidoDto.cs" line-rate="1" branch-rate="1" complexity="1">
          <methods>
            <method name="get_DetallePedidos" signature="()" line-rate="1" branch-rate="1" complexity="1">
              <lines>
                <line number="22" hits="9" branch="False" />
              </lines>
            </method>
          </methods>
          <lines>
            <line number="22" hits="9" branch="False" />
          </lines>
        </class>
        <class name="Pedidos.Aplicacion.Dto.DetallePedidoIn" filename="Pedidos.Aplicacion\Dto\DetallePedidoIn.cs" line-rate="1" branch-rate="1" complexity="4">
          <methods>
            <method name="get_IdUsuario" signature="()" line-rate="1" branch-rate="1" complexity="1">
              <lines>
                <line number="7" hits="30" branch="False" />
              </lines>
            </method>
            <method name="get_IdProducto" signature="()" line-rate="1" branch-rate="1" complexity="1">
              <lines>
                <line number="8" hits="30" branch="False" />
              </lines>
            </method>
            <method name="get_Cantidad" signature="()" line-rate="1" branch-rate="1" complexity="1">
              <lines>
                <line number="9" hits="30" branch="False" />
              </lines>
            </method>
            <method name="get_PrecioUnitario" signature="()" line-rate="1" branch-rate="1" complexity="1">
              <lines>
                <line number="10" hits="30" branch="False" />
              </lines>
            </method>
          </methods>
          <lines>
            <line number="7" hits="30" branch="False" />
            <line number="8" hits="30" branch="False" />
            <line number="9" hits="30" branch="False" />
            <line number="10" hits="30" branch="False" />
          </lines>
        </class>
        <class name="Pedidos.Aplicacion.Dto.InventarioDto" filename="Pedidos.Aplicacion\Dto\InventarioDto.cs" line-rate="1" branch-rate="1" complexity="3">
          <methods>
            <method name="get_Id" signature="()" line-rate="1" branch-rate="1" complexity="1">
              <lines>
                <line number="6" hits="55" branch="False" />
              </lines>
            </method>
            <method name="get_IdProducto" signature="()" line-rate="1" branch-rate="1" complexity="1">
              <lines>
                <line number="7" hits="55" branch="False" />
              </lines>
            </method>
            <method name="get_CantidadStock" signature="()" line-rate="1" branch-rate="1" complexity="1">
              <lines>
                <line number="8" hits="55" branch="False" />
              </lines>
            </method>
          </methods>
          <lines>
            <line number="6" hits="55" branch="False" />
            <line number="7" hits="55" branch="False" />
            <line number="8" hits="55" branch="False" />
          </lines>
        </class>
        <class name="Pedidos.Aplicacion.Dto.Inventario" filename="Pedidos.Aplicacion\Dto\InventarioDto.cs" line-rate="1" branch-rate="1" complexity="2">
          <methods>
            <method name="get_IdProducto" signature="()" line-rate="1" branch-rate="1" complexity="1">
              <lines>
                <line number="14" hits="110" branch="False" />
              </lines>
            </method>
            <method name="get_CantidadStock" signature="()" line-rate="1" branch-rate="1" complexity="1">
              <lines>
                <line number="15" hits="110" branch="False" />
              </lines>
            </method>
          </methods>
          <lines>
            <line number="14" hits="110" branch="False" />
            <line number="15" hits="110" branch="False" />
          </lines>
        </class>
        <class name="Pedidos.Aplicacion.Dto.InventarioResponseDto" filename="Pedidos.Aplicacion\Dto\InventarioDto.cs" line-rate="1" branch-rate="1" complexity="4">
          <methods>
            <method name="get_Inventario" signature="()" line-rate="1" branch-rate="1" complexity="1">
              <lines>
                <line number="21" hits="55" branch="False" />
              </lines>
            </method>
            <method name="get_Resultado" signature="()" line-rate="1" branch-rate="1" complexity="1">
              <lines>
                <line number="22" hits="110" branch="False" />
              </lines>
            </method>
            <method name="get_Mensaje" signature="()" line-rate="1" branch-rate="1" complexity="1">
              <lines>
                <line number="23" hits="55" branch="False" />
              </lines>
            </method>
            <method name="get_Status" signature="()" line-rate="1" branch-rate="1" complexity="1">
              <lines>
                <line number="24" hits="55" branch="False" />
              </lines>
            </method>
          </methods>
          <lines>
            <line number="21" hits="55" branch="False" />
            <line number="22" hits="110" branch="False" />
            <line number="23" hits="55" branch="False" />
            <line number="24" hits="55" branch="False" />
          </lines>
        </class>
        <class name="Pedidos.Aplicacion.Dto.PedidoActualizarIn" filename="Pedidos.Aplicacion\Dto\PedidoActualizarIn.cs" line-rate="1" branch-rate="1" complexity="8">
          <methods>
            <method name="get_IdCliente" signature="()" line-rate="1" branch-rate="1" complexity="1">
              <lines>
                <line number="7" hits="5" branch="False" />
              </lines>
            </method>
            <method name="get_FechaEntrega" signature="()" line-rate="1" branch-rate="1" complexity="1">
              <lines>
                <line number="8" hits="5" branch="False" />
              </lines>
            </method>
            <method name="get_FechaRealizado" signature="()" line-rate="1" branch-rate="1" complexity="1">
              <lines>
                <line number="9" hits="5" branch="False" />
              </lines>
            </method>
            <method name="get_EstadoPedido" signature="()" line-rate="1" branch-rate="1" complexity="1">
              <lines>
                <line number="10" hits="7" branch="False" />
              </lines>
            </method>
            <method name="get_ValorTotal" signature="()" line-rate="1" branch-rate="1" complexity="1">
              <lines>
                <line number="11" hits="5" branch="False" />
              </lines>
            </method>
            <method name="get_IdVendedor" signature="()" line-rate="1" branch-rate="1" complexity="1">
              <lines>
                <line number="12" hits="5" branch="False" />
              </lines>
            </method>
            <method name="get_Comentarios" signature="()" line-rate="1" branch-rate="1" complexity="1">
              <lines>
                <line number="13" hits="7" branch="False" />
              </lines>
            </method>
            <method name="get_IdMoneda" signature="()" line-rate="1" branch-rate="1" complexity="1">
              <lines>
                <line number="14" hits="5" branch="False" />
              </lines>
            </method>
          </methods>
          <lines>
            <line number="7" hits="5" branch="False" />
            <line number="8" hits="5" branch="False" />
            <line number="9" hits="5" branch="False" />
            <line number="10" hits="7" branch="False" />
            <line number="11" hits="5" branch="False" />
            <line number="12" hits="5" branch="False" />
            <line number="13" hits="7" branch="False" />
            <line number="14" hits="5" branch="False" />
          </lines>
        </class>
        <class name="Pedidos.Aplicacion.Dto.PedidoDto" filename="Pedidos.Aplicacion\Dto\PedidoDto.cs" line-rate="1" branch-rate="1" complexity="9">
          <methods>
            <method name="get_Id" signature="()" line-rate="1" branch-rate="1" complexity="1">
              <lines>
                <line number="5" hits="591" branch="False" />
              </lines>
            </method>
            <method name="get_IdCliente" signature="()" line-rate="1" branch-rate="1" complexity="1">
              <lines>
                <line number="6" hits="591" branch="False" />
              </lines>
            </method>
            <method name="get_FechaRealizado" signature="()" line-rate="1" branch-rate="1" complexity="1">
              <lines>
                <line number="7" hits="591" branch="False" />
              </lines>
            </method>
            <method name="get_FechaEntrega" signature="()" line-rate="1" branch-rate="1" complexity="1">
              <lines>
                <line number="8" hits="591" branch="False" />
              </lines>
            </method>
            <method name="get_EstadoPedido" signature="()" line-rate="1" branch-rate="1" complexity="1">
              <lines>
                <line number="9" hits="985" branch="False" />
              </lines>
            </method>
            <method name="get_ValorTotal" signature="()" line-rate="1" branch-rate="1" complexity="1">
              <lines>
                <line number="10" hits="591" branch="False" />
              </lines>
            </method>
            <method name="get_IdVendedor" signature="()" line-rate="1" branch-rate="1" complexity="1">
              <lines>
                <line number="11" hits="591" branch="False" />
              </lines>
            </method>
            <method name="get_Comentarios" signature="()" line-rate="1" branch-rate="1" complexity="1">
              <lines>
                <line number="12" hits="985" branch="False" />
              </lines>
            </method>
            <method name="get_IdMoneda" signature="()" line-rate="1" branch-rate="1" complexity="1">
              <lines>
                <line number="13" hits="591" branch="False" />
              </lines>
            </method>
          </methods>
          <lines>
            <line number="5" hits="591" branch="False" />
            <line number="6" hits="591" branch="False" />
            <line number="7" hits="591" branch="False" />
            <line number="8" hits="591" branch="False" />
            <line number="9" hits="985" branch="False" />
            <line number="10" hits="591" branch="False" />
            <line number="11" hits="591" branch="False" />
            <line number="12" hits="985" branch="False" />
            <line number="13" hits="591" branch="False" />
          </lines>
        </class>
        <class name="Pedidos.Aplicacion.Dto.PedidoOut" filename="Pedidos.Aplicacion\Dto\PedidoDto.cs" line-rate="1" branch-rate="1" complexity="1">
          <methods>
            <method name="get_Pedido" signature="()" line-rate="1" branch-rate="1" complexity="1">
              <lines>
                <line number="18" hits="3" branch="False" />
              </lines>
            </method>
          </methods>
          <lines>
            <line number="18" hits="3" branch="False" />
          </lines>
        </class>
        <class name="Pedidos.Aplicacion.Dto.PedidoOutList" filename="Pedidos.Aplicacion\Dto\PedidoDto.cs" line-rate="1" branch-rate="1" complexity="1">
          <methods>
            <method name="get_Pedidos" signature="()" line-rate="1" branch-rate="1" complexity="1">
              <lines>
                <line number="23" hits="17" branch="False" />
              </lines>
            </method>
          </methods>
          <lines>
            <line number="23" hits="17" branch="False" />
          </lines>
        </class>
        <class name="Pedidos.Aplicacion.Dto.PedidoIn" filename="Pedidos.Aplicacion\Dto\PedidoIn.cs" line-rate="1" branch-rate="1" complexity="7">
          <methods>
            <method name="get_IdCliente" signature="()" line-rate="1" branch-rate="1" complexity="1">
              <lines>
                <line number="7" hits="20" branch="False" />
              </lines>
            </method>
            <method name="get_FechaEntrega" signature="()" line-rate="1" branch-rate="1" complexity="1">
              <lines>
                <line number="8" hits="20" branch="False" />
              </lines>
            </method>
            <method name="get_EstadoPedido" signature="()" line-rate="1" branch-rate="1" complexity="1">
              <lines>
                <line number="9" hits="28" branch="False" />
              </lines>
            </method>
            <method name="get_ValorTotal" signature="()" line-rate="1" branch-rate="1" complexity="1">
              <lines>
                <line number="10" hits="20" branch="False" />
              </lines>
            </method>
            <method name="get_IdVendedor" signature="()" line-rate="1" branch-rate="1" complexity="1">
              <lines>
                <line number="11" hits="20" branch="False" />
              </lines>
            </method>
            <method name="get_Comentarios" signature="()" line-rate="1" branch-rate="1" complexity="1">
              <lines>
                <line number="12" hits="28" branch="False" />
              </lines>
            </method>
            <method name="get_IdMoneda" signature="()" line-rate="1" branch-rate="1" complexity="1">
              <lines>
                <line number="13" hits="20" branch="False" />
              </lines>
            </method>
          </methods>
          <lines>
            <line number="7" hits="20" branch="False" />
            <line number="8" hits="20" branch="False" />
            <line number="9" hits="28" branch="False" />
            <line number="10" hits="20" branch="False" />
            <line number="11" hits="20" branch="False" />
            <line number="12" hits="28" branch="False" />
            <line number="13" hits="20" branch="False" />
          </lines>
        </class>
        <class name="Pedidos.Aplicacion.Dto.ProductoDto" filename="Pedidos.Aplicacion\Dto\ProductoDto.cs" line-rate="1" branch-rate="1" complexity="5">
          <methods>
            <method name="get_Id" signature="()" line-rate="1" branch-rate="1" complexity="1">
              <lines>
                <line number="7" hits="53" branch="False" />
              </lines>
            </method>
            <method name="get_Nombre" signature="()" line-rate="1" branch-rate="1" complexity="1">
              <lines>
                <line number="8" hits="106" branch="False" />
              </lines>
            </method>
            <method name="get_Descripcion" signature="()" line-rate="1" branch-rate="1" complexity="1">
              <lines>
                <line number="9" hits="53" branch="False" />
              </lines>
            </method>
            <method name="get_urlFoto1" signature="()" line-rate="1" branch-rate="1" complexity="1">
              <lines>
                <line number="10" hits="106" branch="False" />
              </lines>
            </method>
            <method name="get_urlFoto2" signature="()" line-rate="1" branch-rate="1" complexity="1">
              <lines>
                <line number="11" hits="106" branch="False" />
              </lines>
            </method>
          </methods>
          <lines>
            <line number="7" hits="53" branch="False" />
            <line number="8" hits="106" branch="False" />
            <line number="9" hits="53" branch="False" />
            <line number="10" hits="106" branch="False" />
            <line number="11" hits="106" branch="False" />
          </lines>
        </class>
        <class name="Pedidos.Aplicacion.Dto.ProductoResponseDto" filename="Pedidos.Aplicacion\Dto\ProductoDto.cs" line-rate="1" branch-rate="1" complexity="4">
          <methods>
            <method name="get_Producto" signature="()" line-rate="1" branch-rate="1" complexity="1">
              <lines>
                <line number="23" hits="106" branch="False" />
              </lines>
            </method>
            <method name="get_Resultado" signature="()" line-rate="1" branch-rate="1" complexity="1">
              <lines>
                <line number="24" hits="53" branch="False" />
              </lines>
            </method>
            <method name="get_Mensaje" signature="()" line-rate="1" branch-rate="1" complexity="1">
              <lines>
                <line number="25" hits="53" branch="False" />
              </lines>
            </method>
            <method name="get_Status" signature="()" line-rate="1" branch-rate="1" complexity="1">
              <lines>
                <line number="26" hits="53" branch="False" />
              </lines>
            </method>
          </methods>
          <lines>
            <line number="23" hits="106" branch="False" />
            <line number="24" hits="53" branch="False" />
            <line number="25" hits="53" branch="False" />
            <line number="26" hits="53" branch="False" />
          </lines>
        </class>
        <class name="Pedidos.Aplicacion.Dto.UsuarioDto" filename="Pedidos.Aplicacion\Dto\UsuarioDto.cs" line-rate="0" branch-rate="1" complexity="3">
          <methods>
            <method name="get_UserName" signature="()" line-rate="0" branch-rate="1" complexity="1">
              <lines>
                <line number="5" hits="0" branch="False" />
              </lines>
            </method>
            <method name="get_Contrasena" signature="()" line-rate="0" branch-rate="1" complexity="1">
              <lines>
                <line number="6" hits="0" branch="False" />
              </lines>
            </method>
            <method name="get_Aplicacion" signature="()" line-rate="0" branch-rate="1" complexity="1">
              <lines>
                <line number="7" hits="0" branch="False" />
              </lines>
            </method>
          </methods>
          <lines>
            <line number="5" hits="0" branch="False" />
            <line number="6" hits="0" branch="False" />
            <line number="7" hits="0" branch="False" />
          </lines>
        </class>
        <class name="Pedidos.Aplicacion.Dto.Usuario" filename="Pedidos.Aplicacion\Dto\UsuarioDto.cs" line-rate="0" branch-rate="1" complexity="3">
          <methods>
            <method name="get_username" signature="()" line-rate="0" branch-rate="1" complexity="1">
              <lines>
                <line number="12" hits="0" branch="False" />
              </lines>
            </method>
            <method name="get_contrasena" signature="()" line-rate="0" branch-rate="1" complexity="1">
              <lines>
                <line number="13" hits="0" branch="False" />
              </lines>
            </method>
            <method name="get_aplicacion" signature="()" line-rate="0" branch-rate="1" complexity="1">
              <lines>
                <line number="14" hits="0" branch="False" />
              </lines>
            </method>
          </methods>
          <lines>
            <line number="12" hits="0" branch="False" />
            <line number="13" hits="0" branch="False" />
            <line number="14" hits="0" branch="False" />
          </lines>
        </class>
        <class name="Pedidos.Aplicacion.Dto.UsuarioResponseDto" filename="Pedidos.Aplicacion\Dto\UsuarioDto.cs" line-rate="1" branch-rate="1" complexity="5">
          <methods>
            <method name="get_Resultado" signature="()" line-rate="1" branch-rate="1" complexity="1">
              <lines>
                <line number="19" hits="40" branch="False" />
              </lines>
            </method>
            <method name="get_Mensaje" signature="()" line-rate="1" branch-rate="1" complexity="1">
              <lines>
                <line number="20" hits="40" branch="False" />
              </lines>
            </method>
            <method name="get_Status" signature="()" line-rate="1" branch-rate="1" complexity="1">
              <lines>
                <line number="21" hits="63" branch="False" />
              </lines>
            </method>
            <method name="get_IdUsuario" signature="()" line-rate="1" branch-rate="1" complexity="1">
              <lines>
                <line number="22" hits="63" branch="False" />
              </lines>
            </method>
            <method name="get_Token" signature="()" line-rate="1" branch-rate="1" complexity="1">
              <lines>
                <line number="23" hits="34" branch="False" />
              </lines>
            </method>
          </methods>
          <lines>
            <line number="19" hits="40" branch="False" />
            <line number="20" hits="40" branch="False" />
            <line number="21" hits="63" branch="False" />
            <line number="22" hits="63" branch="False" />
            <line number="23" hits="34" branch="False" />
          </lines>
        </class>
        <class name="Pedidos.Aplicacion.Consultas.Pedidos.ConsultasPedidos" filename="Pedidos.Aplicacion\Consultas\Pedidos\ConsultasPedidos.cs" line-rate="1" branch-rate="1" complexity="1">
          <methods>
            <method name=".ctor" signature="(Pedidos.Dominio.Puertos.Repositorios.IPedidoRepositorio,AutoMapper.IMapper)" line-rate="1" branch-rate="1" complexity="1">
              <lines>
                <line number="17" hits="12" branch="False" />
                <line number="18" hits="12" branch="False" />
                <line number="19" hits="12" branch="False" />
                <line number="20" hits="12" branch="False" />
                <line number="21" hits="12" branch="False" />
                <line number="22" hits="12" branch="False" />
                <line number="23" hits="12" branch="False" />
                <line number="24" hits="12" branch="False" />
              </lines>
            </method>
          </methods>
          <lines>
            <line number="17" hits="12" branch="False" />
            <line number="18" hits="12" branch="False" />
            <line number="19" hits="12" branch="False" />
            <line number="20" hits="12" branch="False" />
            <line number="21" hits="12" branch="False" />
            <line number="22" hits="12" branch="False" />
            <line number="23" hits="12" branch="False" />
            <line number="24" hits="12" branch="False" />
          </lines>
        </class>
        <class name="Pedidos.Aplicacion.Consultas.Pedidos.ConsultasPedidos/&lt;ObtenerPedidoPorId&gt;d__6" filename="Pedidos.Aplicacion\Consultas\Pedidos\ConsultasPedidos.cs" line-rate="0.76" branch-rate="1" complexity="4">
          <methods>
            <method name="MoveNext" signature="()" line-rate="0.76" branch-rate="1" complexity="4">
              <lines>
                <line number="27" hits="2" branch="False" />
                <line number="28" hits="2" branch="False" />
                <line number="30" hits="2" branch="False" />
                <line number="31" hits="2" branch="False" />
                <line number="33" hits="2" branch="True" condition-coverage="100% (4/4)">
                  <conditions>
                    <condition number="177" type="jump" coverage="100%" />
                    <condition number="207" type="jump" coverage="100%" />
                  </conditions>
                </line>
                <line number="34" hits="1" branch="False" />
                <line number="35" hits="1" branch="False" />
                <line number="36" hits="1" branch="False" />
                <line number="37" hits="1" branch="False" />
                <line number="38" hits="1" branch="False" />
                <line number="40" hits="1" branch="False" />
                <line number="41" hits="1" branch="False" />
                <line number="42" hits="1" branch="False" />
                <line number="43" hits="1" branch="False" />
                <line number="44" hits="1" branch="False" />
                <line number="45" hits="1" branch="False" />
                <line number="46" hits="2" branch="False" />
                <line number="47" hits="0" branch="False" />
                <line number="48" hits="0" branch="False" />
                <line number="49" hits="0" branch="False" />
                <line number="50" hits="0" branch="False" />
                <line number="51" hits="0" branch="False" />
                <line number="52" hits="0" branch="False" />
                <line number="54" hits="2" branch="False" />
                <line number="55" hits="2" branch="False" />
              </lines>
            </method>
          </methods>
          <lines>
            <line number="27" hits="2" branch="False" />
            <line number="28" hits="2" branch="False" />
            <line number="30" hits="2" branch="False" />
            <line number="31" hits="2" branch="False" />
            <line number="33" hits="2" branch="True" condition-coverage="100% (4/4)">
              <conditions>
                <condition number="177" type="jump" coverage="100%" />
                <condition number="207" type="jump" coverage="100%" />
              </conditions>
            </line>
            <line number="34" hits="1" branch="False" />
            <line number="35" hits="1" branch="False" />
            <line number="36" hits="1" branch="False" />
            <line number="37" hits="1" branch="False" />
            <line number="38" hits="1" branch="False" />
            <line number="40" hits="1" branch="False" />
            <line number="41" hits="1" branch="False" />
            <line number="42" hits="1" branch="False" />
            <line number="43" hits="1" branch="False" />
            <line number="44" hits="1" branch="False" />
            <line number="45" hits="1" branch="False" />
            <line number="46" hits="2" branch="False" />
            <line number="47" hits="0" branch="False" />
            <line number="48" hits="0" branch="False" />
            <line number="49" hits="0" branch="False" />
            <line number="50" hits="0" branch="False" />
            <line number="51" hits="0" branch="False" />
            <line number="52" hits="0" branch="False" />
            <line number="54" hits="2" branch="False" />
            <line number="55" hits="2" branch="False" />
          </lines>
        </class>
        <class name="Pedidos.Aplicacion.Consultas.Pedidos.ConsultasPedidos/&lt;ObtenerPedidosPorClienteId&gt;d__7" filename="Pedidos.Aplicacion\Consultas\Pedidos\ConsultasPedidos.cs" line-rate="0.7857" branch-rate="0.75" complexity="4">
          <methods>
            <method name="MoveNext" signature="()" line-rate="0.7857" branch-rate="0.75" complexity="4">
              <lines>
                <line number="58" hits="2" branch="False" />
                <line number="59" hits="2" branch="False" />
                <line number="60" hits="2" branch="False" />
                <line number="61" hits="2" branch="False" />
                <line number="62" hits="2" branch="False" />
                <line number="65" hits="2" branch="False" />
                <line number="66" hits="2" branch="False" />
                <line number="68" hits="2" branch="True" condition-coverage="75% (3/4)">
                  <conditions>
                    <condition number="195" type="jump" coverage="50%" />
                    <condition number="218" type="jump" coverage="100%" />
                  </conditions>
                </line>
                <line number="69" hits="1" branch="False" />
                <line number="70" hits="1" branch="False" />
                <line number="71" hits="1" branch="False" />
                <line number="72" hits="1" branch="False" />
                <line number="73" hits="1" branch="False" />
                <line number="75" hits="1" branch="False" />
                <line number="76" hits="1" branch="False" />
                <line number="77" hits="1" branch="False" />
                <line number="78" hits="1" branch="False" />
                <line number="79" hits="1" branch="False" />
                <line number="80" hits="1" branch="False" />
                <line number="81" hits="2" branch="False" />
                <line number="82" hits="0" branch="False" />
                <line number="83" hits="0" branch="False" />
                <line number="84" hits="0" branch="False" />
                <line number="85" hits="0" branch="False" />
                <line number="86" hits="0" branch="False" />
                <line number="87" hits="0" branch="False" />
                <line number="89" hits="2" branch="False" />
                <line number="90" hits="2" branch="False" />
              </lines>
            </method>
          </methods>
          <lines>
            <line number="58" hits="2" branch="False" />
            <line number="59" hits="2" branch="False" />
            <line number="60" hits="2" branch="False" />
            <line number="61" hits="2" branch="False" />
            <line number="62" hits="2" branch="False" />
            <line number="65" hits="2" branch="False" />
            <line number="66" hits="2" branch="False" />
            <line number="68" hits="2" branch="True" condition-coverage="75% (3/4)">
              <conditions>
                <condition number="195" type="jump" coverage="50%" />
                <condition number="218" type="jump" coverage="100%" />
              </conditions>
            </line>
            <line number="69" hits="1" branch="False" />
            <line number="70" hits="1" branch="False" />
            <line number="71" hits="1" branch="False" />
            <line number="72" hits="1" branch="False" />
            <line number="73" hits="1" branch="False" />
            <line number="75" hits="1" branch="False" />
            <line number="76" hits="1" branch="False" />
            <line number="77" hits="1" branch="False" />
            <line number="78" hits="1" branch="False" />
            <line number="79" hits="1" branch="False" />
            <line number="80" hits="1" branch="False" />
            <line number="81" hits="2" branch="False" />
            <line number="82" hits="0" branch="False" />
            <line number="83" hits="0" branch="False" />
            <line number="84" hits="0" branch="False" />
            <line number="85" hits="0" branch="False" />
            <line number="86" hits="0" branch="False" />
            <line number="87" hits="0" branch="False" />
            <line number="89" hits="2" branch="False" />
            <line number="90" hits="2" branch="False" />
          </lines>
        </class>
        <class name="Pedidos.Aplicacion.Consultas.Pedidos.ConsultasPedidos/&lt;ObtenerPedidosPorEstado&gt;d__9" filename="Pedidos.Aplicacion\Consultas\Pedidos\ConsultasPedidos.cs" line-rate="0.6071" branch-rate="0.5" complexity="4">
          <methods>
            <method name="MoveNext" signature="()" line-rate="0.6071" branch-rate="0.5" complexity="4">
              <lines>
                <line number="128" hits="1" branch="False" />
                <line number="129" hits="1" branch="False" />
                <line number="130" hits="1" branch="False" />
                <line number="131" hits="1" branch="False" />
                <line number="132" hits="1" branch="False" />
                <line number="134" hits="1" branch="False" />
                <line number="135" hits="1" branch="False" />
                <line number="136" hits="1" branch="True" condition-coverage="50% (2/4)">
                  <conditions>
                    <condition number="189" type="jump" coverage="50%" />
                    <condition number="212" type="jump" coverage="50%" />
                  </conditions>
                </line>
                <line number="137" hits="0" branch="False" />
                <line number="138" hits="0" branch="False" />
                <line number="139" hits="0" branch="False" />
                <line number="140" hits="0" branch="False" />
                <line number="141" hits="0" branch="False" />
                <line number="143" hits="1" branch="False" />
                <line number="144" hits="1" branch="False" />
                <line number="145" hits="1" branch="False" />
                <line number="146" hits="1" branch="False" />
                <line number="147" hits="1" branch="False" />
                <line number="148" hits="1" branch="False" />
                <line number="149" hits="1" branch="False" />
                <line number="150" hits="0" branch="False" />
                <line number="151" hits="0" branch="False" />
                <line number="152" hits="0" branch="False" />
                <line number="153" hits="0" branch="False" />
                <line number="154" hits="0" branch="False" />
                <line number="155" hits="0" branch="False" />
                <line number="156" hits="1" branch="False" />
                <line number="157" hits="1" branch="False" />
              </lines>
            </method>
          </methods>
          <lines>
            <line number="128" hits="1" branch="False" />
            <line number="129" hits="1" branch="False" />
            <line number="130" hits="1" branch="False" />
            <line number="131" hits="1" branch="False" />
            <line number="132" hits="1" branch="False" />
            <line number="134" hits="1" branch="False" />
            <line number="135" hits="1" branch="False" />
            <line number="136" hits="1" branch="True" condition-coverage="50% (2/4)">
              <conditions>
                <condition number="189" type="jump" coverage="50%" />
                <condition number="212" type="jump" coverage="50%" />
              </conditions>
            </line>
            <line number="137" hits="0" branch="False" />
            <line number="138" hits="0" branch="False" />
            <line number="139" hits="0" branch="False" />
            <line number="140" hits="0" branch="False" />
            <line number="141" hits="0" branch="False" />
            <line number="143" hits="1" branch="False" />
            <line number="144" hits="1" branch="False" />
            <line number="145" hits="1" branch="False" />
            <line number="146" hits="1" branch="False" />
            <line number="147" hits="1" branch="False" />
            <line number="148" hits="1" branch="False" />
            <line number="149" hits="1" branch="False" />
            <line number="150" hits="0" branch="False" />
            <line number="151" hits="0" branch="False" />
            <line number="152" hits="0" branch="False" />
            <line number="153" hits="0" branch="False" />
            <line number="154" hits="0" branch="False" />
            <line number="155" hits="0" branch="False" />
            <line number="156" hits="1" branch="False" />
            <line number="157" hits="1" branch="False" />
          </lines>
        </class>
        <class name="Pedidos.Aplicacion.Consultas.Pedidos.ConsultasPedidos/&lt;ObtenerPedidosPorVendedorId&gt;d__8" filename="Pedidos.Aplicacion\Consultas\Pedidos\ConsultasPedidos.cs" line-rate="0.7857" branch-rate="0.75" complexity="4">
          <methods>
            <method name="MoveNext" signature="()" line-rate="0.7857" branch-rate="0.75" complexity="4">
              <lines>
                <line number="93" hits="2" branch="False" />
                <line number="94" hits="2" branch="False" />
                <line number="95" hits="2" branch="False" />
                <line number="96" hits="2" branch="False" />
                <line number="97" hits="2" branch="False" />
                <line number="100" hits="2" branch="False" />
                <line number="101" hits="2" branch="False" />
                <line number="103" hits="2" branch="True" condition-coverage="75% (3/4)">
                  <conditions>
                    <condition number="195" type="jump" coverage="50%" />
                    <condition number="218" type="jump" coverage="100%" />
                  </conditions>
                </line>
                <line number="104" hits="1" branch="False" />
                <line number="105" hits="1" branch="False" />
                <line number="106" hits="1" branch="False" />
                <line number="107" hits="1" branch="False" />
                <line number="108" hits="1" branch="False" />
                <line number="110" hits="1" branch="False" />
                <line number="111" hits="1" branch="False" />
                <line number="112" hits="1" branch="False" />
                <line number="113" hits="1" branch="False" />
                <line number="114" hits="1" branch="False" />
                <line number="115" hits="1" branch="False" />
                <line number="116" hits="2" branch="False" />
                <line number="117" hits="0" branch="False" />
                <line number="118" hits="0" branch="False" />
                <line number="119" hits="0" branch="False" />
                <line number="120" hits="0" branch="False" />
                <line number="121" hits="0" branch="False" />
                <line number="122" hits="0" branch="False" />
                <line number="124" hits="2" branch="False" />
                <line number="125" hits="2" branch="False" />
              </lines>
            </method>
          </methods>
          <lines>
            <line number="93" hits="2" branch="False" />
            <line number="94" hits="2" branch="False" />
            <line number="95" hits="2" branch="False" />
            <line number="96" hits="2" branch="False" />
            <line number="97" hits="2" branch="False" />
            <line number="100" hits="2" branch="False" />
            <line number="101" hits="2" branch="False" />
            <line number="103" hits="2" branch="True" condition-coverage="75% (3/4)">
              <conditions>
                <condition number="195" type="jump" coverage="50%" />
                <condition number="218" type="jump" coverage="100%" />
              </conditions>
            </line>
            <line number="104" hits="1" branch="False" />
            <line number="105" hits="1" branch="False" />
            <line number="106" hits="1" branch="False" />
            <line number="107" hits="1" branch="False" />
            <line number="108" hits="1" branch="False" />
            <line number="110" hits="1" branch="False" />
            <line number="111" hits="1" branch="False" />
            <line number="112" hits="1" branch="False" />
            <line number="113" hits="1" branch="False" />
            <line number="114" hits="1" branch="False" />
            <line number="115" hits="1" branch="False" />
            <line number="116" hits="2" branch="False" />
            <line number="117" hits="0" branch="False" />
            <line number="118" hits="0" branch="False" />
            <line number="119" hits="0" branch="False" />
            <line number="120" hits="0" branch="False" />
            <line number="121" hits="0" branch="False" />
            <line number="122" hits="0" branch="False" />
            <line number="124" hits="2" branch="False" />
            <line number="125" hits="2" branch="False" />
          </lines>
        </class>
        <class name="Pedidos.Aplicacion.Consultas.DetallePedidos.ConsultasDetallePedido" filename="Pedidos.Aplicacion\Consultas\DetallePedidos\ConsultasDetallePedido.cs" line-rate="1" branch-rate="1" complexity="5">
          <methods>
            <method name="DiligenciarProducto" signature="(Pedidos.Dominio.Entidades.DetallePedido,System.String)" line-rate="1" branch-rate="1" complexity="4">
              <lines>
                <line number="27" hits="53" branch="False" />
                <line number="28" hits="53" branch="True" condition-coverage="100% (2/2)">
                  <conditions>
                    <condition number="19" type="jump" coverage="100%" />
                  </conditions>
                </line>
                <line number="29" hits="53" branch="False" />
                <line number="30" hits="53" branch="False" />
                <line number="31" hits="53" branch="True" condition-coverage="100% (2/2)">
                  <conditions>
                    <condition number="52" type="jump" coverage="100%" />
                  </conditions>
                </line>
                <line number="32" hits="53" branch="False" />
                <line number="33" hits="53" branch="False" />
                <line number="34" hits="53" branch="False" />
                <line number="35" hits="53" branch="False" />
                <line number="36" hits="53" branch="False" />
                <line number="37" hits="53" branch="False" />
                <line number="38" hits="53" branch="False" />
              </lines>
            </method>
            <method name=".ctor" signature="(Pedidos.Dominio.Puertos.Repositorios.IDetallePedidoRepositorio,AutoMapper.IMapper,Pedidos.Aplicacion.Clientes.IProductosApiClient)" line-rate="1" branch-rate="1" complexity="1">
              <lines>
                <line number="18" hits="11" branch="False" />
                <line number="19" hits="11" branch="False" />
                <line number="20" hits="11" branch="False" />
                <line number="21" hits="11" branch="False" />
                <line number="22" hits="11" branch="False" />
                <line number="23" hits="11" branch="False" />
                <line number="24" hits="11" branch="False" />
              </lines>
            </method>
          </methods>
          <lines>
            <line number="27" hits="53" branch="False" />
            <line number="28" hits="53" branch="True" condition-coverage="100% (2/2)">
              <conditions>
                <condition number="19" type="jump" coverage="100%" />
              </conditions>
            </line>
            <line number="29" hits="53" branch="False" />
            <line number="30" hits="53" branch="False" />
            <line number="31" hits="53" branch="True" condition-coverage="100% (2/2)">
              <conditions>
                <condition number="52" type="jump" coverage="100%" />
              </conditions>
            </line>
            <line number="32" hits="53" branch="False" />
            <line number="33" hits="53" branch="False" />
            <line number="34" hits="53" branch="False" />
            <line number="35" hits="53" branch="False" />
            <line number="36" hits="53" branch="False" />
            <line number="37" hits="53" branch="False" />
            <line number="38" hits="53" branch="False" />
            <line number="18" hits="11" branch="False" />
            <line number="19" hits="11" branch="False" />
            <line number="20" hits="11" branch="False" />
            <line number="21" hits="11" branch="False" />
            <line number="22" hits="11" branch="False" />
            <line number="23" hits="11" branch="False" />
            <line number="24" hits="11" branch="False" />
          </lines>
        </class>
        <class name="Pedidos.Aplicacion.Consultas.DetallePedidos.ConsultasDetallePedido/&lt;ObtenerDetallePorPedido&gt;d__6" filename="Pedidos.Aplicacion\Consultas\DetallePedidos\ConsultasDetallePedido.cs" line-rate="0.8125" branch-rate="0.8332999999999999" complexity="6">
          <methods>
            <method name="MoveNext" signature="()" line-rate="0.8125" branch-rate="0.8332999999999999" complexity="6">
              <lines>
                <line number="41" hits="2" branch="False" />
                <line number="42" hits="2" branch="False" />
                <line number="43" hits="2" branch="False" />
                <line number="44" hits="2" branch="False" />
                <line number="45" hits="2" branch="False" />
                <line number="48" hits="2" branch="False" />
                <line number="49" hits="2" branch="False" />
                <line number="51" hits="2" branch="True" condition-coverage="75% (3/4)">
                  <conditions>
                    <condition number="189" type="jump" coverage="50%" />
                    <condition number="212" type="jump" coverage="100%" />
                  </conditions>
                </line>
                <line number="52" hits="1" branch="False" />
                <line number="53" hits="1" branch="False" />
                <line number="54" hits="1" branch="False" />
                <line number="55" hits="1" branch="False" />
                <line number="56" hits="1" branch="False" />
                <line number="58" hits="1" branch="False" />
                <line number="59" hits="105" branch="True" condition-coverage="100% (2/2)">
                  <conditions>
                    <condition number="350" type="jump" coverage="100%" />
                  </conditions>
                </line>
                <line number="60" hits="51" branch="False" />
                <line number="61" hits="51" branch="False" />
                <line number="62" hits="51" branch="False" />
                <line number="64" hits="1" branch="False" />
                <line number="65" hits="1" branch="False" />
                <line number="66" hits="1" branch="False" />
                <line number="67" hits="1" branch="False" />
                <line number="68" hits="1" branch="False" />
                <line number="69" hits="2" branch="False" />
                <line number="70" hits="0" branch="False" />
                <line number="71" hits="0" branch="False" />
                <line number="72" hits="0" branch="False" />
                <line number="73" hits="0" branch="False" />
                <line number="74" hits="0" branch="False" />
                <line number="75" hits="0" branch="False" />
                <line number="77" hits="2" branch="False" />
                <line number="78" hits="2" branch="False" />
              </lines>
            </method>
          </methods>
          <lines>
            <line number="41" hits="2" branch="False" />
            <line number="42" hits="2" branch="False" />
            <line number="43" hits="2" branch="False" />
            <line number="44" hits="2" branch="False" />
            <line number="45" hits="2" branch="False" />
            <line number="48" hits="2" branch="False" />
            <line number="49" hits="2" branch="False" />
            <line number="51" hits="2" branch="True" condition-coverage="75% (3/4)">
              <conditions>
                <condition number="189" type="jump" coverage="50%" />
                <condition number="212" type="jump" coverage="100%" />
              </conditions>
            </line>
            <line number="52" hits="1" branch="False" />
            <line number="53" hits="1" branch="False" />
            <line number="54" hits="1" branch="False" />
            <line number="55" hits="1" branch="False" />
            <line number="56" hits="1" branch="False" />
            <line number="58" hits="1" branch="False" />
            <line number="59" hits="105" branch="True" condition-coverage="100% (2/2)">
              <conditions>
                <condition number="350" type="jump" coverage="100%" />
              </conditions>
            </line>
            <line number="60" hits="51" branch="False" />
            <line number="61" hits="51" branch="False" />
            <line number="62" hits="51" branch="False" />
            <line number="64" hits="1" branch="False" />
            <line number="65" hits="1" branch="False" />
            <line number="66" hits="1" branch="False" />
            <line number="67" hits="1" branch="False" />
            <line number="68" hits="1" branch="False" />
            <line number="69" hits="2" branch="False" />
            <line number="70" hits="0" branch="False" />
            <line number="71" hits="0" branch="False" />
            <line number="72" hits="0" branch="False" />
            <line number="73" hits="0" branch="False" />
            <line number="74" hits="0" branch="False" />
            <line number="75" hits="0" branch="False" />
            <line number="77" hits="2" branch="False" />
            <line number="78" hits="2" branch="False" />
          </lines>
        </class>
        <class name="Pedidos.Aplicacion.Consultas.DetallePedidos.ConsultasDetallePedido/&lt;ObtenerDetallePorPedidoUsuario&gt;d__7" filename="Pedidos.Aplicacion\Consultas\DetallePedidos\ConsultasDetallePedido.cs" line-rate="0.6562" branch-rate="0.6666" complexity="6">
          <methods>
            <method name="MoveNext" signature="()" line-rate="0.6562" branch-rate="0.6666" complexity="6">
              <lines>
                <line number="82" hits="1" branch="False" />
                <line number="83" hits="1" branch="False" />
                <line number="84" hits="1" branch="False" />
                <line number="85" hits="1" branch="False" />
                <line number="86" hits="1" branch="False" />
                <line number="89" hits="1" branch="False" />
                <line number="90" hits="1" branch="False" />
                <line number="92" hits="1" branch="True" condition-coverage="50% (2/4)">
                  <conditions>
                    <condition number="189" type="jump" coverage="50%" />
                    <condition number="212" type="jump" coverage="50%" />
                  </conditions>
                </line>
                <line number="93" hits="0" branch="False" />
                <line number="94" hits="0" branch="False" />
                <line number="95" hits="0" branch="False" />
                <line number="96" hits="0" branch="False" />
                <line number="97" hits="0" branch="False" />
                <line number="99" hits="1" branch="False" />
                <line number="100" hits="7" branch="True" condition-coverage="100% (2/2)">
                  <conditions>
                    <condition number="350" type="jump" coverage="100%" />
                  </conditions>
                </line>
                <line number="101" hits="2" branch="False" />
                <line number="102" hits="2" branch="False" />
                <line number="103" hits="2" branch="False" />
                <line number="105" hits="1" branch="False" />
                <line number="106" hits="1" branch="False" />
                <line number="107" hits="1" branch="False" />
                <line number="108" hits="1" branch="False" />
                <line number="109" hits="1" branch="False" />
                <line number="110" hits="1" branch="False" />
                <line number="111" hits="0" branch="False" />
                <line number="112" hits="0" branch="False" />
                <line number="113" hits="0" branch="False" />
                <line number="114" hits="0" branch="False" />
                <line number="115" hits="0" branch="False" />
                <line number="116" hits="0" branch="False" />
                <line number="118" hits="1" branch="False" />
                <line number="119" hits="1" branch="False" />
              </lines>
            </method>
          </methods>
          <lines>
            <line number="82" hits="1" branch="False" />
            <line number="83" hits="1" branch="False" />
            <line number="84" hits="1" branch="False" />
            <line number="85" hits="1" branch="False" />
            <line number="86" hits="1" branch="False" />
            <line number="89" hits="1" branch="False" />
            <line number="90" hits="1" branch="False" />
            <line number="92" hits="1" branch="True" condition-coverage="50% (2/4)">
              <conditions>
                <condition number="189" type="jump" coverage="50%" />
                <condition number="212" type="jump" coverage="50%" />
              </conditions>
            </line>
            <line number="93" hits="0" branch="False" />
            <line number="94" hits="0" branch="False" />
            <line number="95" hits="0" branch="False" />
            <line number="96" hits="0" branch="False" />
            <line number="97" hits="0" branch="False" />
            <line number="99" hits="1" branch="False" />
            <line number="100" hits="7" branch="True" condition-coverage="100% (2/2)">
              <conditions>
                <condition number="350" type="jump" coverage="100%" />
              </conditions>
            </line>
            <line number="101" hits="2" branch="False" />
            <line number="102" hits="2" branch="False" />
            <line number="103" hits="2" branch="False" />
            <line number="105" hits="1" branch="False" />
            <line number="106" hits="1" branch="False" />
            <line number="107" hits="1" branch="False" />
            <line number="108" hits="1" branch="False" />
            <line number="109" hits="1" branch="False" />
            <line number="110" hits="1" branch="False" />
            <line number="111" hits="0" branch="False" />
            <line number="112" hits="0" branch="False" />
            <line number="113" hits="0" branch="False" />
            <line number="114" hits="0" branch="False" />
            <line number="115" hits="0" branch="False" />
            <line number="116" hits="0" branch="False" />
            <line number="118" hits="1" branch="False" />
            <line number="119" hits="1" branch="False" />
          </lines>
        </class>
        <class name="Pedidos.Aplicacion.Comandos.Pedidos.ComandosPedido" filename="Pedidos.Aplicacion\Comandos\Pedidos\ComandosPedido.cs" line-rate="1" branch-rate="1" complexity="1">
          <methods>
            <method name=".ctor" signature="(Pedidos.Dominio.Servicios.Pedidos.CrearPedido,Pedidos.Dominio.Servicios.Pedidos.ActualizarPedido,AutoMapper.IMapper,Pedidos.Aplicacion.Clientes.IAuditoriaApiClient)" line-rate="1" branch-rate="1" complexity="1">
              <lines>
                <line number="18" hits="12" branch="False" />
                <line number="19" hits="12" branch="False" />
                <line number="20" hits="12" branch="False" />
                <line number="21" hits="12" branch="False" />
                <line number="22" hits="12" branch="False" />
                <line number="23" hits="12" branch="False" />
                <line number="24" hits="12" branch="False" />
              </lines>
            </method>
          </methods>
          <lines>
            <line number="18" hits="12" branch="False" />
            <line number="19" hits="12" branch="False" />
            <line number="20" hits="12" branch="False" />
            <line number="21" hits="12" branch="False" />
            <line number="22" hits="12" branch="False" />
            <line number="23" hits="12" branch="False" />
            <line number="24" hits="12" branch="False" />
          </lines>
        </class>
        <class name="Pedidos.Aplicacion.Comandos.Pedidos.ComandosPedido/&lt;&gt;c__DisplayClass5_1" filename="Pedidos.Aplicacion\Comandos\Pedidos\ComandosPedido.cs" line-rate="1" branch-rate="1" complexity="1">
          <methods>
            <method name="&lt;CrearPedido&gt;b__0" signature="()" line-rate="1" branch-rate="1" complexity="1">
              <lines>
                <line number="35" hits="6" branch="False" />
                <line number="36" hits="6" branch="False" />
                <line number="37" hits="6" branch="False" />
                <line number="38" hits="6" branch="False" />
                <line number="39" hits="6" branch="False" />
                <line number="40" hits="6" branch="False" />
                <line number="41" hits="6" branch="False" />
                <line number="42" hits="6" branch="False" />
              </lines>
            </method>
          </methods>
          <lines>
            <line number="35" hits="6" branch="False" />
            <line number="36" hits="6" branch="False" />
            <line number="37" hits="6" branch="False" />
            <line number="38" hits="6" branch="False" />
            <line number="39" hits="6" branch="False" />
            <line number="40" hits="6" branch="False" />
            <line number="41" hits="6" branch="False" />
            <line number="42" hits="6" branch="False" />
          </lines>
        </class>
        <class name="Pedidos.Aplicacion.Comandos.Pedidos.ComandosPedido/&lt;&gt;c__DisplayClass6_1" filename="Pedidos.Aplicacion\Comandos\Pedidos\ComandosPedido.cs" line-rate="1" branch-rate="1" complexity="1">
          <methods>
            <method name="&lt;ActualizarPedido&gt;b__0" signature="()" line-rate="1" branch-rate="1" complexity="1">
              <lines>
                <line number="68" hits="2" branch="False" />
                <line number="69" hits="2" branch="False" />
                <line number="70" hits="2" branch="False" />
                <line number="71" hits="2" branch="False" />
                <line number="72" hits="2" branch="False" />
                <line number="73" hits="2" branch="False" />
                <line number="74" hits="2" branch="False" />
                <line number="75" hits="2" branch="False" />
              </lines>
            </method>
          </methods>
          <lines>
            <line number="68" hits="2" branch="False" />
            <line number="69" hits="2" branch="False" />
            <line number="70" hits="2" branch="False" />
            <line number="71" hits="2" branch="False" />
            <line number="72" hits="2" branch="False" />
            <line number="73" hits="2" branch="False" />
            <line number="74" hits="2" branch="False" />
            <line number="75" hits="2" branch="False" />
          </lines>
        </class>
        <class name="Pedidos.Aplicacion.Comandos.Pedidos.ComandosPedido/&lt;ActualizarPedido&gt;d__6" filename="Pedidos.Aplicacion\Comandos\Pedidos\ComandosPedido.cs" line-rate="0.6842" branch-rate="1" complexity="1">
          <methods>
            <method name="MoveNext" signature="()" line-rate="0.6842" branch-rate="1" complexity="1">
              <lines>
                <line number="60" hits="1" branch="False" />
                <line number="61" hits="1" branch="False" />
                <line number="63" hits="1" branch="False" />
                <line number="64" hits="1" branch="False" />
                <line number="65" hits="1" branch="False" />
                <line number="66" hits="1" branch="False" />
                <line number="77" hits="1" branch="False" />
                <line number="78" hits="1" branch="False" />
                <line number="79" hits="1" branch="False" />
                <line number="80" hits="1" branch="False" />
                <line number="81" hits="1" branch="False" />
                <line number="82" hits="0" branch="False" />
                <line number="83" hits="0" branch="False" />
                <line number="84" hits="0" branch="False" />
                <line number="85" hits="0" branch="False" />
                <line number="86" hits="0" branch="False" />
                <line number="87" hits="0" branch="False" />
                <line number="88" hits="1" branch="False" />
                <line number="89" hits="1" branch="False" />
              </lines>
            </method>
          </methods>
          <lines>
            <line number="60" hits="1" branch="False" />
            <line number="61" hits="1" branch="False" />
            <line number="63" hits="1" branch="False" />
            <line number="64" hits="1" branch="False" />
            <line number="65" hits="1" branch="False" />
            <line number="66" hits="1" branch="False" />
            <line number="77" hits="1" branch="False" />
            <line number="78" hits="1" branch="False" />
            <line number="79" hits="1" branch="False" />
            <line number="80" hits="1" branch="False" />
            <line number="81" hits="1" branch="False" />
            <line number="82" hits="0" branch="False" />
            <line number="83" hits="0" branch="False" />
            <line number="84" hits="0" branch="False" />
            <line number="85" hits="0" branch="False" />
            <line number="86" hits="0" branch="False" />
            <line number="87" hits="0" branch="False" />
            <line number="88" hits="1" branch="False" />
            <line number="89" hits="1" branch="False" />
          </lines>
        </class>
        <class name="Pedidos.Aplicacion.Comandos.Pedidos.ComandosPedido/&lt;CrearPedido&gt;d__5" filename="Pedidos.Aplicacion\Comandos\Pedidos\ComandosPedido.cs" line-rate="1" branch-rate="1" complexity="1">
          <methods>
            <method name="MoveNext" signature="()" line-rate="1" branch-rate="1" complexity="1">
              <lines>
                <line number="27" hits="4" branch="False" />
                <line number="28" hits="4" branch="False" />
                <line number="31" hits="4" branch="False" />
                <line number="32" hits="4" branch="False" />
[...]
            <line number="43" hits="0" branch="False" />
            <line number="45" hits="6" branch="False" />
          </lines>
        </class>
        <class name="ServicioPedido.Controllers.DetallePedidoController/&lt;EliminarDetallePedido&gt;d__4" filename="ServicioPedido\Controllers\DetallePedidoController.cs" line-rate="0.6363" branch-rate="0.5" complexity="2">
          <methods>
            <method name="MoveNext" signature="()" line-rate="0.6363" branch-rate="0.5" complexity="2">
              <lines>
                <line number="54" hits="1" branch="False" />
                <line number="56" hits="1" branch="False" />
                <line number="57" hits="1" branch="False" />
                <line number="58" hits="1" branch="False" />
                <line number="59" hits="1" branch="True" condition-coverage="50% (1/2)">
                  <conditions>
                    <condition number="229" type="jump" coverage="50%" />
                  </conditions>
                </line>
                <line number="60" hits="1" branch="False" />
                <line number="62" hits="0" branch="False" />
                <line number="64" hits="0" branch="False" />
                <line number="65" hits="0" branch="False" />
                <line number="66" hits="0" branch="False" />
                <line number="68" hits="1" branch="False" />
              </lines>
            </method>
          </methods>
          <lines>
            <line number="54" hits="1" branch="False" />
            <line number="56" hits="1" branch="False" />
            <line number="57" hits="1" branch="False" />
            <line number="58" hits="1" branch="False" />
            <line number="59" hits="1" branch="True" condition-coverage="50% (1/2)">
              <conditions>
                <condition number="229" type="jump" coverage="50%" />
              </conditions>
            </line>
            <line number="60" hits="1" branch="False" />
            <line number="62" hits="0" branch="False" />
            <line number="64" hits="0" branch="False" />
            <line number="65" hits="0" branch="False" />
            <line number="66" hits="0" branch="False" />
            <line number="68" hits="1" branch="False" />
          </lines>
        </class>
        <class name="ServicioPedido.Controllers.DetallePedidoController/&lt;ObtenerCliente&gt;d__6" filename="ServicioPedido\Controllers\DetallePedidoController.cs" line-rate="0.7" branch-rate="1" complexity="2">
          <methods>
            <method name="MoveNext" signature="()" line-rate="0.7" branch-rate="1" complexity="2">
              <lines>
                <line number="100" hits="2" branch="False" />
                <line number="102" hits="2" branch="False" />
                <line number="103" hits="2" branch="False" />
                <line number="104" hits="2" branch="True" condition-coverage="100% (2/2)">
                  <conditions>
                    <condition number="209" type="jump" coverage="100%" />
                  </conditions>
                </line>
                <line number="105" hits="1" branch="False" />
                <line number="107" hits="1" branch="False" />
                <line number="109" hits="0" branch="False" />
                <line number="110" hits="0" branch="False" />
                <line number="111" hits="0" branch="False" />
                <line number="113" hits="2" branch="False" />
              </lines>
            </method>
          </methods>
          <lines>
            <line number="100" hits="2" branch="False" />
            <line number="102" hits="2" branch="False" />
            <line number="103" hits="2" branch="False" />
            <line number="104" hits="2" branch="True" condition-coverage="100% (2/2)">
              <conditions>
                <condition number="209" type="jump" coverage="100%" />
              </conditions>
            </line>
            <line number="105" hits="1" branch="False" />
            <line number="107" hits="1" branch="False" />
            <line number="109" hits="0" branch="False" />
            <line number="110" hits="0" branch="False" />
            <line number="111" hits="0" branch="False" />
            <line number="113" hits="2" branch="False" />
          </lines>
        </class>
        <class name="ServicioPedido.Controllers.DetallePedidoController/&lt;ObtenerDetallesUsuario&gt;d__7" filename="ServicioPedido\Controllers\DetallePedidoController.cs" line-rate="0.6" branch-rate="0.5" complexity="2">
          <methods>
            <method name="MoveNext" signature="()" line-rate="0.6" branch-rate="0.5" complexity="2">
              <lines>
                <line number="122" hits="1" branch="False" />
                <line number="124" hits="1" branch="False" />
                <line number="125" hits="1" branch="False" />
                <line number="126" hits="1" branch="True" condition-coverage="50% (1/2)">
                  <conditions>
                    <condition number="209" type="jump" coverage="50%" />
                  </conditions>
                </line>
                <line number="127" hits="1" branch="False" />
                <line number="129" hits="0" branch="False" />
                <line number="131" hits="0" branch="False" />
                <line number="132" hits="0" branch="False" />
                <line number="133" hits="0" branch="False" />
                <line number="135" hits="1" branch="False" />
              </lines>
            </method>
          </methods>
          <lines>
            <line number="122" hits="1" branch="False" />
            <line number="124" hits="1" branch="False" />
            <line number="125" hits="1" branch="False" />
            <line number="126" hits="1" branch="True" condition-coverage="50% (1/2)">
              <conditions>
                <condition number="209" type="jump" coverage="50%" />
              </conditions>
            </line>
            <line number="127" hits="1" branch="False" />
            <line number="129" hits="0" branch="False" />
            <line number="131" hits="0" branch="False" />
            <line number="132" hits="0" branch="False" />
            <line number="133" hits="0" branch="False" />
            <line number="135" hits="1" branch="False" />
          </lines>
        </class>
        <class name="ServicioPedido.Controllers.PedidoController" filename="ServicioPedido\Controllers\PedidoController.cs" line-rate="1" branch-rate="1" complexity="1">
          <methods>
            <method name=".ctor" signature="(Pedidos.Aplicacion.Comandos.Pedidos.IComandosPedido,Pedidos.Aplicacion.Consultas.Pedidos.IConsultasPedidos)" line-rate="1" branch-rate="1" complexity="1">
              <lines>
                <line number="19" hits="12" branch="False" />
                <line number="20" hits="12" branch="False" />
                <line number="21" hits="12" branch="False" />
                <line number="22" hits="12" branch="False" />
                <line number="23" hits="12" branch="False" />
              </lines>
            </method>
          </methods>
          <lines>
            <line number="19" hits="12" branch="False" />
            <line number="20" hits="12" branch="False" />
            <line number="21" hits="12" branch="False" />
            <line number="22" hits="12" branch="False" />
            <line number="23" hits="12" branch="False" />
          </lines>
        </class>
        <class name="ServicioPedido.Controllers.PedidoController/&lt;ActualizarPedido&gt;d__4" filename="ServicioPedido\Controllers\PedidoController.cs" line-rate="0.6363" branch-rate="0.5" complexity="2">
          <methods>
            <method name="MoveNext" signature="()" line-rate="0.6363" branch-rate="0.5" complexity="2">
              <lines>
                <line number="56" hits="1" branch="False" />
                <line number="58" hits="1" branch="False" />
                <line number="59" hits="1" branch="False" />
                <line number="60" hits="1" branch="False" />
                <line number="61" hits="1" branch="True" condition-coverage="50% (1/2)">
                  <conditions>
                    <condition number="238" type="jump" coverage="50%" />
                  </conditions>
                </line>
                <line number="62" hits="1" branch="False" />
                <line number="64" hits="0" branch="False" />
                <line number="66" hits="0" branch="False" />
                <line number="67" hits="0" branch="False" />
                <line number="68" hits="0" branch="False" />
                <line number="70" hits="1" branch="False" />
              </lines>
            </method>
          </methods>
          <lines>
            <line number="56" hits="1" branch="False" />
            <line number="58" hits="1" branch="False" />
            <line number="59" hits="1" branch="False" />
            <line number="60" hits="1" branch="False" />
            <line number="61" hits="1" branch="True" condition-coverage="50% (1/2)">
              <conditions>
                <condition number="238" type="jump" coverage="50%" />
              </conditions>
            </line>
            <line number="62" hits="1" branch="False" />
            <line number="64" hits="0" branch="False" />
            <line number="66" hits="0" branch="False" />
            <line number="67" hits="0" branch="False" />
            <line number="68" hits="0" branch="False" />
            <line number="70" hits="1" branch="False" />
          </lines>
        </class>
        <class name="ServicioPedido.Controllers.PedidoController/&lt;CrearPedido&gt;d__3" filename="ServicioPedido\Controllers\PedidoController.cs" line-rate="0.7272" branch-rate="1" complexity="2">
          <methods>
            <method name="MoveNext" signature="()" line-rate="0.7272" branch-rate="1" complexity="2">
              <lines>
                <line number="32" hits="4" branch="False" />
                <line number="34" hits="4" branch="False" />
                <line number="35" hits="4" branch="False" />
                <line number="36" hits="4" branch="False" />
                <line number="38" hits="4" branch="True" condition-coverage="100% (2/2)">
                  <conditions>
                    <condition number="229" type="jump" coverage="100%" />
                  </conditions>
                </line>
                <line number="39" hits="3" branch="False" />
                <line number="41" hits="1" branch="False" />
                <line number="43" hits="0" branch="False" />
                <line number="44" hits="0" branch="False" />
                <line number="45" hits="0" branch="False" />
                <line number="47" hits="4" branch="False" />
              </lines>
            </method>
          </methods>
          <lines>
            <line number="32" hits="4" branch="False" />
            <line number="34" hits="4" branch="False" />
            <line number="35" hits="4" branch="False" />
            <line number="36" hits="4" branch="False" />
            <line number="38" hits="4" branch="True" condition-coverage="100% (2/2)">
              <conditions>
                <condition number="229" type="jump" coverage="100%" />
              </conditions>
            </line>
            <line number="39" hits="3" branch="False" />
            <line number="41" hits="1" branch="False" />
            <line number="43" hits="0" branch="False" />
            <line number="44" hits="0" branch="False" />
            <line number="45" hits="0" branch="False" />
            <line number="47" hits="4" branch="False" />
          </lines>
        </class>
        <class name="ServicioPedido.Controllers.PedidoController/&lt;ObtenerPedido&gt;d__5" filename="ServicioPedido\Controllers\PedidoController.cs" line-rate="0.7" branch-rate="1" complexity="2">
          <methods>
            <method name="MoveNext" signature="()" line-rate="0.7" branch-rate="1" complexity="2">
              <lines>
                <line number="79" hits="2" branch="False" />
                <line number="81" hits="2" branch="False" />
                <line number="82" hits="2" branch="False" />
                <line number="83" hits="2" branch="True" condition-coverage="100% (2/2)">
                  <conditions>
                    <condition number="178" type="jump" coverage="100%" />
                  </conditions>
                </line>
                <line number="84" hits="1" branch="False" />
                <line number="86" hits="1" branch="False" />
                <line number="88" hits="0" branch="False" />
                <line number="89" hits="0" branch="False" />
                <line number="90" hits="0" branch="False" />
                <line number="92" hits="2" branch="False" />
              </lines>
            </method>
          </methods>
          <lines>
            <line number="79" hits="2" branch="False" />
            <line number="81" hits="2" branch="False" />
            <line number="82" hits="2" branch="False" />
            <line number="83" hits="2" branch="True" condition-coverage="100% (2/2)">
              <conditions>
                <condition number="178" type="jump" coverage="100%" />
              </conditions>
            </line>
            <line number="84" hits="1" branch="False" />
            <line number="86" hits="1" branch="False" />
            <line number="88" hits="0" branch="False" />
            <line number="89" hits="0" branch="False" />
            <line number="90" hits="0" branch="False" />
            <line number="92" hits="2" branch="False" />
          </lines>
        </class>
        <class name="ServicioPedido.Controllers.PedidoController/&lt;ObtenerPedidosPorCliente&gt;d__7" filename="ServicioPedido\Controllers\PedidoController.cs" line-rate="0.7" branch-rate="1" complexity="2">
          <methods>
            <method name="MoveNext" signature="()" line-rate="0.7" branch-rate="1" complexity="2">
              <lines>
                <line number="123" hits="2" branch="False" />
                <line number="125" hits="2" branch="False" />
                <line number="126" hits="2" branch="False" />
                <line number="127" hits="2" branch="True" condition-coverage="100% (2/2)">
                  <conditions>
                    <condition number="184" type="jump" coverage="100%" />
                  </conditions>
                </line>
                <line number="128" hits="1" branch="False" />
                <line number="130" hits="1" branch="False" />
                <line number="132" hits="0" branch="False" />
                <line number="133" hits="0" branch="False" />
                <line number="134" hits="0" branch="False" />
                <line number="136" hits="2" branch="False" />
              </lines>
            </method>
          </methods>
          <lines>
            <line number="123" hits="2" branch="False" />
            <line number="125" hits="2" branch="False" />
            <line number="126" hits="2" branch="False" />
            <line number="127" hits="2" branch="True" condition-coverage="100% (2/2)">
              <conditions>
                <condition number="184" type="jump" coverage="100%" />
              </conditions>
            </line>
            <line number="128" hits="1" branch="False" />
            <line number="130" hits="1" branch="False" />
            <line number="132" hits="0" branch="False" />
            <line number="133" hits="0" branch="False" />
            <line number="134" hits="0" branch="False" />
            <line number="136" hits="2" branch="False" />
          </lines>
        </class>
        <class name="ServicioPedido.Controllers.PedidoController/&lt;ObtenerPedidosPorEstado&gt;d__8" filename="ServicioPedido\Controllers\PedidoController.cs" line-rate="0.6" branch-rate="0.5" complexity="2">
          <methods>
            <method name="MoveNext" signature="()" line-rate="0.6" branch-rate="0.5" complexity="2">
              <lines>
                <line number="145" hits="1" branch="False" />
                <line number="147" hits="1" branch="False" />
                <line number="148" hits="1" branch="False" />
                <line number="149" hits="1" branch="True" condition-coverage="50% (1/2)">
                  <conditions>
                    <condition number="178" type="jump" coverage="50%" />
                  </conditions>
                </line>
                <line number="150" hits="1" branch="False" />
                <line number="152" hits="0" branch="False" />
                <line number="154" hits="0" branch="False" />
                <line number="155" hits="0" branch="False" />
                <line number="156" hits="0" branch="False" />
                <line number="158" hits="1" branch="False" />
              </lines>
            </method>
          </methods>
          <lines>
            <line number="145" hits="1" branch="False" />
            <line number="147" hits="1" branch="False" />
            <line number="148" hits="1" branch="False" />
            <line number="149" hits="1" branch="True" condition-coverage="50% (1/2)">
              <conditions>
                <condition number="178" type="jump" coverage="50%" />
              </conditions>
            </line>
            <line number="150" hits="1" branch="False" />
            <line number="152" hits="0" branch="False" />
            <line number="154" hits="0" branch="False" />
            <line number="155" hits="0" branch="False" />
            <line number="156" hits="0" branch="False" />
            <line number="158" hits="1" branch="False" />
          </lines>
        </class>
        <class name="ServicioPedido.Controllers.PedidoController/&lt;ObtenerPedidosPorVendedor&gt;d__6" filename="ServicioPedido\Controllers\PedidoController.cs" line-rate="0.7" branch-rate="1" complexity="2">
          <methods>
            <method name="MoveNext" signature="()" line-rate="0.7" branch-rate="1" complexity="2">
              <lines>
                <line number="101" hits="2" branch="False" />
                <line number="103" hits="2" branch="False" />
                <line number="104" hits="2" branch="False" />
                <line number="105" hits="2" branch="True" condition-coverage="100% (2/2)">
                  <conditions>
                    <condition number="184" type="jump" coverage="100%" />
                  </conditions>
                </line>
                <line number="106" hits="1" branch="False" />
                <line number="108" hits="1" branch="False" />
                <line number="110" hits="0" branch="False" />
                <line number="111" hits="0" branch="False" />
                <line number="112" hits="0" branch="False" />
                <line number="114" hits="2" branch="False" />
              </lines>
            </method>
          </methods>
          <lines>
            <line number="101" hits="2" branch="False" />
            <line number="103" hits="2" branch="False" />
            <line number="104" hits="2" branch="False" />
            <line number="105" hits="2" branch="True" condition-coverage="100% (2/2)">
              <conditions>
                <condition number="184" type="jump" coverage="100%" />
              </conditions>
            </line>
            <line number="106" hits="1" branch="False" />
            <line number="108" hits="1" branch="False" />
            <line number="110" hits="0" branch="False" />
            <line number="111" hits="0" branch="False" />
            <line number="112" hits="0" branch="False" />
            <line number="114" hits="2" branch="False" />
          </lines>
        </class>
      </classes>
    </package>
  </packages>
</coverage>